#-----------------------------------------------------------
# Vivado v2023.1.1 (64-bit)
# SW Build 3900603 on Fri Jun 16 19:31:24 MDT 2023
# IP Build 3900379 on Sat Jun 17 05:28:05 MDT 2023
# SharedData Build 3899622 on Fri Jun 16 03:34:24 MDT 2023
# Start of session at: Sat Apr 13 16:17:33 2024
# Process ID: 4048
# Current directory: C:/Users/Florin/Desktop/DSD 1/1. Golden Model
# Command line: vivado.exe -gui_launcher_event rodinguilauncherevent2708 C:\Users\Florin\Desktop\DSD 1\1. Golden Model\1. Golden Model.xpr
# Log file: C:/Users/Florin/Desktop/DSD 1/1. Golden Model/vivado.log
# Journal file: C:/Users/Florin/Desktop/DSD 1/1. Golden Model\vivado.jou
# Running On: DESKTOP-7P0D6RH, OS: Windows, CPU Frequency: 2611 MHz, CPU Physical cores: 10, Host memory: 16836 MB
#-----------------------------------------------------------
start_gui
open_project {C:/Users/Florin/Desktop/DSD 1/1. Golden Model/1. Golden Model.xpr}
WARNING: [Board 49-26] cannot add Board Part xilinx.com:kcu105:part0:1.6 available at D:/Vivado/2023.1/data/xhub/boards/XilinxBoardStore/boards/Xilinx/kcu105/1.6/board.xml as part xcku040-ffva1156-2-e specified in board_part file is either invalid or not available
WARNING: [Board 49-26] cannot add Board Part xilinx.com:kcu105:part0:1.7 available at D:/Vivado/2023.1/data/xhub/boards/XilinxBoardStore/boards/Xilinx/kcu105/1.7/board.xml as part xcku040-ffva1156-2-e specified in board_part file is either invalid or not available
WARNING: [Board 49-26] cannot add Board Part xilinx.com:kcu116:part0:1.4 available at D:/Vivado/2023.1/data/xhub/boards/XilinxBoardStore/boards/Xilinx/kcu116/1.4/board.xml as part xcku5p-ffvb676-2-e specified in board_part file is either invalid or not available
WARNING: [Board 49-26] cannot add Board Part xilinx.com:kcu116:part0:1.5 available at D:/Vivado/2023.1/data/xhub/boards/XilinxBoardStore/boards/Xilinx/kcu116/1.5/board.xml as part xcku5p-ffvb676-2-e specified in board_part file is either invalid or not available
WARNING: [Board 49-26] cannot add Board Part xilinx.com:kcu1500:part0:1.2 available at D:/Vivado/2023.1/data/xhub/boards/XilinxBoardStore/boards/Xilinx/kcu1500/1.2/board.xml as part xcku115-flvb2104-2-e specified in board_part file is either invalid or not available
WARNING: [Board 49-26] cannot add Board Part xilinx.com:vck190:part0:2.2 available at D:/Vivado/2023.1/data/xhub/boards/XilinxBoardStore/boards/Xilinx/vck190/production/2.2/board.xml as part xcvc1902-vsva2197-2mp-e-s specified in board_part file is either invalid or not available
WARNING: [Board 49-26] cannot add Board Part xilinx.com:vck190:part0:3.0 available at D:/Vivado/2023.1/data/xhub/boards/XilinxBoardStore/boards/Xilinx/vck190/production/3.0/board.xml as part xcvc1902-vsva2197-2mp-e-s specified in board_part file is either invalid or not available
WARNING: [Board 49-26] cannot add Board Part xilinx.com:vck190:part0:3.1 available at D:/Vivado/2023.1/data/xhub/boards/XilinxBoardStore/boards/Xilinx/vck190/production/3.1/board.xml as part xcvc1902-vsva2197-2mp-e-s specified in board_part file is either invalid or not available
WARNING: [Board 49-26] cannot add Board Part xilinx.com:vck190:part0:3.2 available at D:/Vivado/2023.1/data/xhub/boards/XilinxBoardStore/boards/Xilinx/vck190/production/3.2/board.xml as part xcvc1902-vsva2197-2mp-e-s specified in board_part file is either invalid or not available
WARNING: [Board 49-26] cannot add Board Part xilinx.com:vck190_newl:part0:1.0 available at D:/Vivado/2023.1/data/xhub/boards/XilinxBoardStore/boards/Xilinx/vck190_newl/production/1.0/board.xml as part xcvc1902-vsva2197-2mp-e-s specified in board_part file is either invalid or not available
WARNING: [Board 49-26] cannot add Board Part xilinx.com:vck190_newl:part0:1.1 available at D:/Vivado/2023.1/data/xhub/boards/XilinxBoardStore/boards/Xilinx/vck190_newl/production/1.1/board.xml as part xcvc1902-vsva2197-2mp-e-s specified in board_part file is either invalid or not available
WARNING: [Board 49-26] cannot add Board Part xilinx.com:vcu108:part0:1.6 available at D:/Vivado/2023.1/data/xhub/boards/XilinxBoardStore/boards/Xilinx/vcu108/1.6/board.xml as part xcvu095-ffva2104-2-e specified in board_part file is either invalid or not available
WARNING: [Board 49-26] cannot add Board Part xilinx.com:vcu108:part0:1.7 available at D:/Vivado/2023.1/data/xhub/boards/XilinxBoardStore/boards/Xilinx/vcu108/1.7/board.xml as part xcvu095-ffva2104-2-e specified in board_part file is either invalid or not available
WARNING: [Board 49-26] cannot add Board Part xilinx.com:vcu110:part0:1.4 available at D:/Vivado/2023.1/data/xhub/boards/XilinxBoardStore/boards/Xilinx/vcu110/1.4/board.xml as part xcvu190-flgc2104-2-e specified in board_part file is either invalid or not available
WARNING: [Board 49-26] cannot add Board Part xilinx.com:vcu118:part0:2.0 available at D:/Vivado/2023.1/data/xhub/boards/XilinxBoardStore/boards/Xilinx/vcu118/2.0/board.xml as part xcvu9p-flga2104-2l-e specified in board_part file is either invalid or not available
WARNING: [Board 49-26] cannot add Board Part xilinx.com:vcu118:part0:2.3 available at D:/Vivado/2023.1/data/xhub/boards/XilinxBoardStore/boards/Xilinx/vcu118/2.3/board.xml as part xcvu9p-flga2104-2l-e specified in board_part file is either invalid or not available
WARNING: [Board 49-26] cannot add Board Part xilinx.com:vcu118:part0:2.4 available at D:/Vivado/2023.1/data/xhub/boards/XilinxBoardStore/boards/Xilinx/vcu118/2.4/board.xml as part xcvu9p-flga2104-2l-e specified in board_part file is either invalid or not available
WARNING: [Board 49-26] cannot add Board Part xilinx.com:vcu128:part0:1.0 available at D:/Vivado/2023.1/data/xhub/boards/XilinxBoardStore/boards/Xilinx/vcu128/production/1.0/board.xml as part xcvu37p-fsvh2892-2l-e specified in board_part file is either invalid or not available
WARNING: [Board 49-26] cannot add Board Part xilinx.com:vcu129:part0:1.0 available at D:/Vivado/2023.1/data/xhub/boards/XilinxBoardStore/boards/Xilinx/vcu129/production/1.0/board.xml as part xcvu29p-fsga2577-2l-e specified in board_part file is either invalid or not available
WARNING: [Board 49-26] cannot add Board Part xilinx.com:vcu1525:part0:1.3 available at D:/Vivado/2023.1/data/xhub/boards/XilinxBoardStore/boards/Xilinx/vcu1525/1.3/board.xml as part xcvu9p-fsgd2104-2l-e specified in board_part file is either invalid or not available
WARNING: [Board 49-26] cannot add Board Part xilinx.com:vek280_es:part0:1.0 available at D:/Vivado/2023.1/data/xhub/boards/XilinxBoardStore/boards/Xilinx/vek280/es/rev_a/1.0/board.xml as part xcve2802-vsvh1760-2lp-e-s-es1 specified in board_part file is either invalid or not available
WARNING: [Board 49-26] cannot add Board Part xilinx.com:vek280_es:part0:1.1 available at D:/Vivado/2023.1/data/xhub/boards/XilinxBoardStore/boards/Xilinx/vek280/es/rev_a/1.1/board.xml as part xcve2802-vsvh1760-2lp-e-s-es1 specified in board_part file is either invalid or not available
WARNING: [Board 49-26] cannot add Board Part xilinx.com:vek280_es_revb:part0:1.0 available at D:/Vivado/2023.1/data/xhub/boards/XilinxBoardStore/boards/Xilinx/vek280/es/rev_b/1.0/board.xml as part xcve2802-vsvh1760-2mp-e-s-es1 specified in board_part file is either invalid or not available
WARNING: [Board 49-26] cannot add Board Part xilinx.com:vek280_es_revb:part0:1.1 available at D:/Vivado/2023.1/data/xhub/boards/XilinxBoardStore/boards/Xilinx/vek280/es/rev_b/1.1/board.xml as part xcve2802-vsvh1760-2mp-e-s-es1 specified in board_part file is either invalid or not available
WARNING: [Board 49-26] cannot add Board Part xilinx.com:vhk158:part0:1.0 available at D:/Vivado/2023.1/data/xhub/boards/XilinxBoardStore/boards/Xilinx/vhk158/production/1.0/board.xml as part xcvh1582-vsva3697-2mp-e-s specified in board_part file is either invalid or not available
WARNING: [Board 49-26] cannot add Board Part xilinx.com:vhk158_es:part0:1.0 available at D:/Vivado/2023.1/data/xhub/boards/XilinxBoardStore/boards/Xilinx/vhk158/es/1.0/board.xml as part xcvh1582-vsva3697-2mp-e-s-es1 specified in board_part file is either invalid or not available
WARNING: [Board 49-26] cannot add Board Part xilinx.com:vhk158_es:part0:1.1 available at D:/Vivado/2023.1/data/xhub/boards/XilinxBoardStore/boards/Xilinx/vhk158/es/1.1/board.xml as part xcvh1582-vsva3697-2mp-e-s-es1 specified in board_part file is either invalid or not available
WARNING: [Board 49-26] cannot add Board Part xilinx.com:vmk180:part0:2.2 available at D:/Vivado/2023.1/data/xhub/boards/XilinxBoardStore/boards/Xilinx/vmk180/production/2.2/board.xml as part xcvm1802-vsva2197-2mp-e-s specified in board_part file is either invalid or not available
WARNING: [Board 49-26] cannot add Board Part xilinx.com:vmk180:part0:3.0 available at D:/Vivado/2023.1/data/xhub/boards/XilinxBoardStore/boards/Xilinx/vmk180/production/3.0/board.xml as part xcvm1802-vsva2197-2mp-e-s specified in board_part file is either invalid or not available
WARNING: [Board 49-26] cannot add Board Part xilinx.com:vmk180:part0:3.1 available at D:/Vivado/2023.1/data/xhub/boards/XilinxBoardStore/boards/Xilinx/vmk180/production/3.1/board.xml as part xcvm1802-vsva2197-2mp-e-s specified in board_part file is either invalid or not available
WARNING: [Board 49-26] cannot add Board Part xilinx.com:vmk180:part0:3.2 available at D:/Vivado/2023.1/data/xhub/boards/XilinxBoardStore/boards/Xilinx/vmk180/production/3.2/board.xml as part xcvm1802-vsva2197-2mp-e-s specified in board_part file is either invalid or not available
WARNING: [Board 49-26] cannot add Board Part xilinx.com:vmk180_newl:part0:1.0 available at D:/Vivado/2023.1/data/xhub/boards/XilinxBoardStore/boards/Xilinx/vmk180_newl/production/1.0/board.xml as part xcvm1802-vsva2197-2mp-e-s specified in board_part file is either invalid or not available
WARNING: [Board 49-26] cannot add Board Part xilinx.com:vmk180_newl:part0:1.1 available at D:/Vivado/2023.1/data/xhub/boards/XilinxBoardStore/boards/Xilinx/vmk180_newl/production/1.1/board.xml as part xcvm1802-vsva2197-2mp-e-s specified in board_part file is either invalid or not available
WARNING: [Board 49-26] cannot add Board Part xilinx.com:vpk120:part0:1.0 available at D:/Vivado/2023.1/data/xhub/boards/XilinxBoardStore/boards/Xilinx/vpk120/production/1.0/board.xml as part xcvp1202-vsva2785-2mp-e-s specified in board_part file is either invalid or not available
WARNING: [Board 49-26] cannot add Board Part xilinx.com:vpk120:part0:1.1 available at D:/Vivado/2023.1/data/xhub/boards/XilinxBoardStore/boards/Xilinx/vpk120/production/1.1/board.xml as part xcvp1202-vsva2785-2mp-e-s specified in board_part file is either invalid or not available
WARNING: [Board 49-26] cannot add Board Part xilinx.com:vpk120_es:part0:1.2 available at D:/Vivado/2023.1/data/xhub/boards/XilinxBoardStore/boards/Xilinx/vpk120/es/1.2/board.xml as part xcvp1202-vsva2785-2mp-e-s-es1 specified in board_part file is either invalid or not available
WARNING: [Board 49-26] cannot add Board Part xilinx.com:vpk120_es:part0:1.3 available at D:/Vivado/2023.1/data/xhub/boards/XilinxBoardStore/boards/Xilinx/vpk120/es/1.3/board.xml as part xcvp1202-vsva2785-2mp-e-s-es1 specified in board_part file is either invalid or not available
WARNING: [Board 49-26] cannot add Board Part xilinx.com:vpk120_es_revb:part0:1.0 available at D:/Vivado/2023.1/data/xhub/boards/XilinxBoardStore/boards/Xilinx/vpk120_revb/es/1.0/board.xml as part xcvp1202-vsva2785-2mp-e-s-es1 specified in board_part file is either invalid or not available
WARNING: [Board 49-26] cannot add Board Part xilinx.com:vpk120_es_revb:part0:1.1 available at D:/Vivado/2023.1/data/xhub/boards/XilinxBoardStore/boards/Xilinx/vpk120_revb/es/1.1/board.xml as part xcvp1202-vsva2785-2mp-e-s-es1 specified in board_part file is either invalid or not available
WARNING: [Board 49-26] cannot add Board Part xilinx.com:vpk180:part0:1.0 available at D:/Vivado/2023.1/data/xhub/boards/XilinxBoardStore/boards/Xilinx/vpk180/production/1.0/board.xml as part xcvp1802-lsvc4072-2mp-e-s specified in board_part file is either invalid or not available
WARNING: [Board 49-26] cannot add Board Part xilinx.com:vpk180:part0:1.1 available at D:/Vivado/2023.1/data/xhub/boards/XilinxBoardStore/boards/Xilinx/vpk180/production/1.1/board.xml as part xcvp1802-lsvc4072-2mp-e-s specified in board_part file is either invalid or not available
WARNING: [Board 49-26] cannot add Board Part xilinx.com:vpk180_es:part0:1.0 available at D:/Vivado/2023.1/data/xhub/boards/XilinxBoardStore/boards/Xilinx/vpk180/es/1.0/board.xml as part xcvp1802-lsvc4072-2mp-e-s-es1 specified in board_part file is either invalid or not available
WARNING: [Board 49-26] cannot add Board Part xilinx.com:vpk180_es:part0:1.1 available at D:/Vivado/2023.1/data/xhub/boards/XilinxBoardStore/boards/Xilinx/vpk180/es/1.1/board.xml as part xcvp1802-lsvc4072-2mp-e-s-es1 specified in board_part file is either invalid or not available
WARNING: [Board 49-26] cannot add Board Part xilinx.com:zcu208ld:part0:2.0 available at D:/Vivado/2023.1/data/xhub/boards/XilinxBoardStore/boards/Xilinx/zcu208ld/production/2.0/board.xml as part xczu58dr-fsvg1517-2-i specified in board_part file is either invalid or not available
WARNING: [Board 49-26] cannot add Board Part xilinx.com:zcu216ld:part0:2.0 available at D:/Vivado/2023.1/data/xhub/boards/XilinxBoardStore/boards/Xilinx/zcu216ld/production/2.0/board.xml as part xczu59dr-ffvf1760-2-i specified in board_part file is either invalid or not available
WARNING: [Board 49-26] cannot add Board Part xilinx.com:zcu670:part0:2.0 available at D:/Vivado/2023.1/data/xhub/boards/XilinxBoardStore/boards/Xilinx/zcu670/2.0/board.xml as part xczu67dr-fsve1156-2-i specified in board_part file is either invalid or not available
WARNING: [Board 49-26] cannot add Board Part xilinx.com:zcu670ld:part0:1.0 available at D:/Vivado/2023.1/data/xhub/boards/XilinxBoardStore/boards/Xilinx/zcu670ld/1.0/board.xml as part xczu57dr-fsve1156-2-i specified in board_part file is either invalid or not available
INFO: [filemgmt 56-3] Default IP Output Path : Could not find the directory 'C:/Users/Florin/Desktop/DSD 1/1. Golden Model/1. Golden Model.gen/sources_1'.
Scanning sources...
Finished scanning sources
INFO: [IP_Flow 19-234] Refreshing IP repositories
INFO: [IP_Flow 19-1704] No user IP repositories specified
INFO: [IP_Flow 19-2313] Loaded Vivado IP repository 'D:/Vivado/2023.1/data/ip'.
open_project: Time (s): cpu = 00:00:30 ; elapsed = 00:00:13 . Memory (MB): peak = 1449.047 ; gain = 293.016
update_compile_order -fileset sources_1
set_property top SRAM [current_fileset]
update_compile_order -fileset sources_1
synth_design -rtl -rtl_skip_mlo -name rtl_1
Command: synth_design -rtl -rtl_skip_mlo -name rtl_1
Starting synth_design
Using part: xc7z020clg400-1
Top: SRAM
INFO: [Device 21-403] Loading part xc7z020clg400-1
---------------------------------------------------------------------------------
Starting RTL Elaboration : Time (s): cpu = 00:00:08 ; elapsed = 00:00:08 . Memory (MB): peak = 2263.566 ; gain = 400.457
---------------------------------------------------------------------------------
INFO: [Synth 8-6157] synthesizing module 'SRAM' [C:/Users/Florin/Desktop/DSD 1/1. Golden Model/1. Golden Model.srcs/sources_1/new/SRAM.sv:3]
INFO: [Synth 8-6155] done synthesizing module 'SRAM' (0#1) [C:/Users/Florin/Desktop/DSD 1/1. Golden Model/1. Golden Model.srcs/sources_1/new/SRAM.sv:3]
WARNING: [Synth 8-87] always_comb on 'data_out_reg' did not result in combinational logic [C:/Users/Florin/Desktop/DSD 1/1. Golden Model/1. Golden Model.srcs/sources_1/new/SRAM.sv:15]
WARNING: [Synth 8-87] always_comb on 'memory_reg[0]' did not result in combinational logic [C:/Users/Florin/Desktop/DSD 1/1. Golden Model/1. Golden Model.srcs/sources_1/new/SRAM.sv:15]
WARNING: [Synth 8-87] always_comb on 'memory_reg[1]' did not result in combinational logic [C:/Users/Florin/Desktop/DSD 1/1. Golden Model/1. Golden Model.srcs/sources_1/new/SRAM.sv:15]
WARNING: [Synth 8-87] always_comb on 'memory_reg[2]' did not result in combinational logic [C:/Users/Florin/Desktop/DSD 1/1. Golden Model/1. Golden Model.srcs/sources_1/new/SRAM.sv:15]
WARNING: [Synth 8-87] always_comb on 'memory_reg[3]' did not result in combinational logic [C:/Users/Florin/Desktop/DSD 1/1. Golden Model/1. Golden Model.srcs/sources_1/new/SRAM.sv:15]
WARNING: [Synth 8-87] always_comb on 'memory_reg[4]' did not result in combinational logic [C:/Users/Florin/Desktop/DSD 1/1. Golden Model/1. Golden Model.srcs/sources_1/new/SRAM.sv:15]
WARNING: [Synth 8-87] always_comb on 'memory_reg[5]' did not result in combinational logic [C:/Users/Florin/Desktop/DSD 1/1. Golden Model/1. Golden Model.srcs/sources_1/new/SRAM.sv:15]
WARNING: [Synth 8-87] always_comb on 'memory_reg[6]' did not result in combinational logic [C:/Users/Florin/Desktop/DSD 1/1. Golden Model/1. Golden Model.srcs/sources_1/new/SRAM.sv:15]
WARNING: [Synth 8-87] always_comb on 'memory_reg[7]' did not result in combinational logic [C:/Users/Florin/Desktop/DSD 1/1. Golden Model/1. Golden Model.srcs/sources_1/new/SRAM.sv:15]
WARNING: [Synth 8-87] always_comb on 'memory_reg[8]' did not result in combinational logic [C:/Users/Florin/Desktop/DSD 1/1. Golden Model/1. Golden Model.srcs/sources_1/new/SRAM.sv:15]
WARNING: [Synth 8-87] always_comb on 'memory_reg[9]' did not result in combinational logic [C:/Users/Florin/Desktop/DSD 1/1. Golden Model/1. Golden Model.srcs/sources_1/new/SRAM.sv:15]
WARNING: [Synth 8-87] always_comb on 'memory_reg[10]' did not result in combinational logic [C:/Users/Florin/Desktop/DSD 1/1. Golden Model/1. Golden Model.srcs/sources_1/new/SRAM.sv:15]
WARNING: [Synth 8-87] always_comb on 'memory_reg[11]' did not result in combinational logic [C:/Users/Florin/Desktop/DSD 1/1. Golden Model/1. Golden Model.srcs/sources_1/new/SRAM.sv:15]
WARNING: [Synth 8-87] always_comb on 'memory_reg[12]' did not result in combinational logic [C:/Users/Florin/Desktop/DSD 1/1. Golden Model/1. Golden Model.srcs/sources_1/new/SRAM.sv:15]
WARNING: [Synth 8-87] always_comb on 'memory_reg[13]' did not result in combinational logic [C:/Users/Florin/Desktop/DSD 1/1. Golden Model/1. Golden Model.srcs/sources_1/new/SRAM.sv:15]
WARNING: [Synth 8-87] always_comb on 'memory_reg[14]' did not result in combinational logic [C:/Users/Florin/Desktop/DSD 1/1. Golden Model/1. Golden Model.srcs/sources_1/new/SRAM.sv:15]
WARNING: [Synth 8-87] always_comb on 'memory_reg[15]' did not result in combinational logic [C:/Users/Florin/Desktop/DSD 1/1. Golden Model/1. Golden Model.srcs/sources_1/new/SRAM.sv:15]
WARNING: [Synth 8-87] always_comb on 'memory_reg[16]' did not result in combinational logic [C:/Users/Florin/Desktop/DSD 1/1. Golden Model/1. Golden Model.srcs/sources_1/new/SRAM.sv:15]
WARNING: [Synth 8-87] always_comb on 'memory_reg[17]' did not result in combinational logic [C:/Users/Florin/Desktop/DSD 1/1. Golden Model/1. Golden Model.srcs/sources_1/new/SRAM.sv:15]
WARNING: [Synth 8-87] always_comb on 'memory_reg[18]' did not result in combinational logic [C:/Users/Florin/Desktop/DSD 1/1. Golden Model/1. Golden Model.srcs/sources_1/new/SRAM.sv:15]
WARNING: [Synth 8-87] always_comb on 'memory_reg[19]' did not result in combinational logic [C:/Users/Florin/Desktop/DSD 1/1. Golden Model/1. Golden Model.srcs/sources_1/new/SRAM.sv:15]
WARNING: [Synth 8-87] always_comb on 'memory_reg[20]' did not result in combinational logic [C:/Users/Florin/Desktop/DSD 1/1. Golden Model/1. Golden Model.srcs/sources_1/new/SRAM.sv:15]
WARNING: [Synth 8-87] always_comb on 'memory_reg[21]' did not result in combinational logic [C:/Users/Florin/Desktop/DSD 1/1. Golden Model/1. Golden Model.srcs/sources_1/new/SRAM.sv:15]
WARNING: [Synth 8-87] always_comb on 'memory_reg[22]' did not result in combinational logic [C:/Users/Florin/Desktop/DSD 1/1. Golden Model/1. Golden Model.srcs/sources_1/new/SRAM.sv:15]
WARNING: [Synth 8-87] always_comb on 'memory_reg[23]' did not result in combinational logic [C:/Users/Florin/Desktop/DSD 1/1. Golden Model/1. Golden Model.srcs/sources_1/new/SRAM.sv:15]
WARNING: [Synth 8-87] always_comb on 'memory_reg[24]' did not result in combinational logic [C:/Users/Florin/Desktop/DSD 1/1. Golden Model/1. Golden Model.srcs/sources_1/new/SRAM.sv:15]
WARNING: [Synth 8-87] always_comb on 'memory_reg[25]' did not result in combinational logic [C:/Users/Florin/Desktop/DSD 1/1. Golden Model/1. Golden Model.srcs/sources_1/new/SRAM.sv:15]
WARNING: [Synth 8-87] always_comb on 'memory_reg[26]' did not result in combinational logic [C:/Users/Florin/Desktop/DSD 1/1. Golden Model/1. Golden Model.srcs/sources_1/new/SRAM.sv:15]
WARNING: [Synth 8-87] always_comb on 'memory_reg[27]' did not result in combinational logic [C:/Users/Florin/Desktop/DSD 1/1. Golden Model/1. Golden Model.srcs/sources_1/new/SRAM.sv:15]
WARNING: [Synth 8-87] always_comb on 'memory_reg[28]' did not result in combinational logic [C:/Users/Florin/Desktop/DSD 1/1. Golden Model/1. Golden Model.srcs/sources_1/new/SRAM.sv:15]
WARNING: [Synth 8-87] always_comb on 'memory_reg[29]' did not result in combinational logic [C:/Users/Florin/Desktop/DSD 1/1. Golden Model/1. Golden Model.srcs/sources_1/new/SRAM.sv:15]
WARNING: [Synth 8-87] always_comb on 'memory_reg[30]' did not result in combinational logic [C:/Users/Florin/Desktop/DSD 1/1. Golden Model/1. Golden Model.srcs/sources_1/new/SRAM.sv:15]
WARNING: [Synth 8-87] always_comb on 'memory_reg[31]' did not result in combinational logic [C:/Users/Florin/Desktop/DSD 1/1. Golden Model/1. Golden Model.srcs/sources_1/new/SRAM.sv:15]
WARNING: [Synth 8-87] always_comb on 'memory_reg[32]' did not result in combinational logic [C:/Users/Florin/Desktop/DSD 1/1. Golden Model/1. Golden Model.srcs/sources_1/new/SRAM.sv:15]
WARNING: [Synth 8-87] always_comb on 'memory_reg[33]' did not result in combinational logic [C:/Users/Florin/Desktop/DSD 1/1. Golden Model/1. Golden Model.srcs/sources_1/new/SRAM.sv:15]
WARNING: [Synth 8-87] always_comb on 'memory_reg[34]' did not result in combinational logic [C:/Users/Florin/Desktop/DSD 1/1. Golden Model/1. Golden Model.srcs/sources_1/new/SRAM.sv:15]
WARNING: [Synth 8-87] always_comb on 'memory_reg[35]' did not result in combinational logic [C:/Users/Florin/Desktop/DSD 1/1. Golden Model/1. Golden Model.srcs/sources_1/new/SRAM.sv:15]
WARNING: [Synth 8-87] always_comb on 'memory_reg[36]' did not result in combinational logic [C:/Users/Florin/Desktop/DSD 1/1. Golden Model/1. Golden Model.srcs/sources_1/new/SRAM.sv:15]
WARNING: [Synth 8-87] always_comb on 'memory_reg[37]' did not result in combinational logic [C:/Users/Florin/Desktop/DSD 1/1. Golden Model/1. Golden Model.srcs/sources_1/new/SRAM.sv:15]
WARNING: [Synth 8-87] always_comb on 'memory_reg[38]' did not result in combinational logic [C:/Users/Florin/Desktop/DSD 1/1. Golden Model/1. Golden Model.srcs/sources_1/new/SRAM.sv:15]
WARNING: [Synth 8-87] always_comb on 'memory_reg[39]' did not result in combinational logic [C:/Users/Florin/Desktop/DSD 1/1. Golden Model/1. Golden Model.srcs/sources_1/new/SRAM.sv:15]
WARNING: [Synth 8-87] always_comb on 'memory_reg[40]' did not result in combinational logic [C:/Users/Florin/Desktop/DSD 1/1. Golden Model/1. Golden Model.srcs/sources_1/new/SRAM.sv:15]
WARNING: [Synth 8-87] always_comb on 'memory_reg[41]' did not result in combinational logic [C:/Users/Florin/Desktop/DSD 1/1. Golden Model/1. Golden Model.srcs/sources_1/new/SRAM.sv:15]
WARNING: [Synth 8-87] always_comb on 'memory_reg[42]' did not result in combinational logic [C:/Users/Florin/Desktop/DSD 1/1. Golden Model/1. Golden Model.srcs/sources_1/new/SRAM.sv:15]
WARNING: [Synth 8-87] always_comb on 'memory_reg[43]' did not result in combinational logic [C:/Users/Florin/Desktop/DSD 1/1. Golden Model/1. Golden Model.srcs/sources_1/new/SRAM.sv:15]
WARNING: [Synth 8-87] always_comb on 'memory_reg[44]' did not result in combinational logic [C:/Users/Florin/Desktop/DSD 1/1. Golden Model/1. Golden Model.srcs/sources_1/new/SRAM.sv:15]
WARNING: [Synth 8-87] always_comb on 'memory_reg[45]' did not result in combinational logic [C:/Users/Florin/Desktop/DSD 1/1. Golden Model/1. Golden Model.srcs/sources_1/new/SRAM.sv:15]
WARNING: [Synth 8-87] always_comb on 'memory_reg[46]' did not result in combinational logic [C:/Users/Florin/Desktop/DSD 1/1. Golden Model/1. Golden Model.srcs/sources_1/new/SRAM.sv:15]
WARNING: [Synth 8-87] always_comb on 'memory_reg[47]' did not result in combinational logic [C:/Users/Florin/Desktop/DSD 1/1. Golden Model/1. Golden Model.srcs/sources_1/new/SRAM.sv:15]
WARNING: [Synth 8-87] always_comb on 'memory_reg[48]' did not result in combinational logic [C:/Users/Florin/Desktop/DSD 1/1. Golden Model/1. Golden Model.srcs/sources_1/new/SRAM.sv:15]
WARNING: [Synth 8-87] always_comb on 'memory_reg[49]' did not result in combinational logic [C:/Users/Florin/Desktop/DSD 1/1. Golden Model/1. Golden Model.srcs/sources_1/new/SRAM.sv:15]
WARNING: [Synth 8-87] always_comb on 'memory_reg[50]' did not result in combinational logic [C:/Users/Florin/Desktop/DSD 1/1. Golden Model/1. Golden Model.srcs/sources_1/new/SRAM.sv:15]
WARNING: [Synth 8-87] always_comb on 'memory_reg[51]' did not result in combinational logic [C:/Users/Florin/Desktop/DSD 1/1. Golden Model/1. Golden Model.srcs/sources_1/new/SRAM.sv:15]
WARNING: [Synth 8-87] always_comb on 'memory_reg[52]' did not result in combinational logic [C:/Users/Florin/Desktop/DSD 1/1. Golden Model/1. Golden Model.srcs/sources_1/new/SRAM.sv:15]
WARNING: [Synth 8-87] always_comb on 'memory_reg[53]' did not result in combinational logic [C:/Users/Florin/Desktop/DSD 1/1. Golden Model/1. Golden Model.srcs/sources_1/new/SRAM.sv:15]
WARNING: [Synth 8-87] always_comb on 'memory_reg[54]' did not result in combinational logic [C:/Users/Florin/Desktop/DSD 1/1. Golden Model/1. Golden Model.srcs/sources_1/new/SRAM.sv:15]
WARNING: [Synth 8-87] always_comb on 'memory_reg[55]' did not result in combinational logic [C:/Users/Florin/Desktop/DSD 1/1. Golden Model/1. Golden Model.srcs/sources_1/new/SRAM.sv:15]
WARNING: [Synth 8-87] always_comb on 'memory_reg[56]' did not result in combinational logic [C:/Users/Florin/Desktop/DSD 1/1. Golden Model/1. Golden Model.srcs/sources_1/new/SRAM.sv:15]
WARNING: [Synth 8-87] always_comb on 'memory_reg[57]' did not result in combinational logic [C:/Users/Florin/Desktop/DSD 1/1. Golden Model/1. Golden Model.srcs/sources_1/new/SRAM.sv:15]
WARNING: [Synth 8-87] always_comb on 'memory_reg[58]' did not result in combinational logic [C:/Users/Florin/Desktop/DSD 1/1. Golden Model/1. Golden Model.srcs/sources_1/new/SRAM.sv:15]
WARNING: [Synth 8-87] always_comb on 'memory_reg[59]' did not result in combinational logic [C:/Users/Florin/Desktop/DSD 1/1. Golden Model/1. Golden Model.srcs/sources_1/new/SRAM.sv:15]
WARNING: [Synth 8-87] always_comb on 'memory_reg[60]' did not result in combinational logic [C:/Users/Florin/Desktop/DSD 1/1. Golden Model/1. Golden Model.srcs/sources_1/new/SRAM.sv:15]
WARNING: [Synth 8-87] always_comb on 'memory_reg[61]' did not result in combinational logic [C:/Users/Florin/Desktop/DSD 1/1. Golden Model/1. Golden Model.srcs/sources_1/new/SRAM.sv:15]
WARNING: [Synth 8-87] always_comb on 'memory_reg[62]' did not result in combinational logic [C:/Users/Florin/Desktop/DSD 1/1. Golden Model/1. Golden Model.srcs/sources_1/new/SRAM.sv:15]
WARNING: [Synth 8-87] always_comb on 'memory_reg[63]' did not result in combinational logic [C:/Users/Florin/Desktop/DSD 1/1. Golden Model/1. Golden Model.srcs/sources_1/new/SRAM.sv:15]
WARNING: [Synth 8-87] always_comb on 'memory_reg[64]' did not result in combinational logic [C:/Users/Florin/Desktop/DSD 1/1. Golden Model/1. Golden Model.srcs/sources_1/new/SRAM.sv:15]
WARNING: [Synth 8-87] always_comb on 'memory_reg[65]' did not result in combinational logic [C:/Users/Florin/Desktop/DSD 1/1. Golden Model/1. Golden Model.srcs/sources_1/new/SRAM.sv:15]
WARNING: [Synth 8-87] always_comb on 'memory_reg[66]' did not result in combinational logic [C:/Users/Florin/Desktop/DSD 1/1. Golden Model/1. Golden Model.srcs/sources_1/new/SRAM.sv:15]
WARNING: [Synth 8-87] always_comb on 'memory_reg[67]' did not result in combinational logic [C:/Users/Florin/Desktop/DSD 1/1. Golden Model/1. Golden Model.srcs/sources_1/new/SRAM.sv:15]
WARNING: [Synth 8-87] always_comb on 'memory_reg[68]' did not result in combinational logic [C:/Users/Florin/Desktop/DSD 1/1. Golden Model/1. Golden Model.srcs/sources_1/new/SRAM.sv:15]
WARNING: [Synth 8-87] always_comb on 'memory_reg[69]' did not result in combinational logic [C:/Users/Florin/Desktop/DSD 1/1. Golden Model/1. Golden Model.srcs/sources_1/new/SRAM.sv:15]
WARNING: [Synth 8-87] always_comb on 'memory_reg[70]' did not result in combinational logic [C:/Users/Florin/Desktop/DSD 1/1. Golden Model/1. Golden Model.srcs/sources_1/new/SRAM.sv:15]
WARNING: [Synth 8-87] always_comb on 'memory_reg[71]' did not result in combinational logic [C:/Users/Florin/Desktop/DSD 1/1. Golden Model/1. Golden Model.srcs/sources_1/new/SRAM.sv:15]
WARNING: [Synth 8-87] always_comb on 'memory_reg[72]' did not result in combinational logic [C:/Users/Florin/Desktop/DSD 1/1. Golden Model/1. Golden Model.srcs/sources_1/new/SRAM.sv:15]
WARNING: [Synth 8-87] always_comb on 'memory_reg[73]' did not result in combinational logic [C:/Users/Florin/Desktop/DSD 1/1. Golden Model/1. Golden Model.srcs/sources_1/new/SRAM.sv:15]
WARNING: [Synth 8-87] always_comb on 'memory_reg[74]' did not result in combinational logic [C:/Users/Florin/Desktop/DSD 1/1. Golden Model/1. Golden Model.srcs/sources_1/new/SRAM.sv:15]
WARNING: [Synth 8-87] always_comb on 'memory_reg[75]' did not result in combinational logic [C:/Users/Florin/Desktop/DSD 1/1. Golden Model/1. Golden Model.srcs/sources_1/new/SRAM.sv:15]
WARNING: [Synth 8-87] always_comb on 'memory_reg[76]' did not result in combinational logic [C:/Users/Florin/Desktop/DSD 1/1. Golden Model/1. Golden Model.srcs/sources_1/new/SRAM.sv:15]
WARNING: [Synth 8-87] always_comb on 'memory_reg[77]' did not result in combinational logic [C:/Users/Florin/Desktop/DSD 1/1. Golden Model/1. Golden Model.srcs/sources_1/new/SRAM.sv:15]
WARNING: [Synth 8-87] always_comb on 'memory_reg[78]' did not result in combinational logic [C:/Users/Florin/Desktop/DSD 1/1. Golden Model/1. Golden Model.srcs/sources_1/new/SRAM.sv:15]
WARNING: [Synth 8-87] always_comb on 'memory_reg[79]' did not result in combinational logic [C:/Users/Florin/Desktop/DSD 1/1. Golden Model/1. Golden Model.srcs/sources_1/new/SRAM.sv:15]
WARNING: [Synth 8-87] always_comb on 'memory_reg[80]' did not result in combinational logic [C:/Users/Florin/Desktop/DSD 1/1. Golden Model/1. Golden Model.srcs/sources_1/new/SRAM.sv:15]
WARNING: [Synth 8-87] always_comb on 'memory_reg[81]' did not result in combinational logic [C:/Users/Florin/Desktop/DSD 1/1. Golden Model/1. Golden Model.srcs/sources_1/new/SRAM.sv:15]
WARNING: [Synth 8-87] always_comb on 'memory_reg[82]' did not result in combinational logic [C:/Users/Florin/Desktop/DSD 1/1. Golden Model/1. Golden Model.srcs/sources_1/new/SRAM.sv:15]
WARNING: [Synth 8-87] always_comb on 'memory_reg[83]' did not result in combinational logic [C:/Users/Florin/Desktop/DSD 1/1. Golden Model/1. Golden Model.srcs/sources_1/new/SRAM.sv:15]
WARNING: [Synth 8-87] always_comb on 'memory_reg[84]' did not result in combinational logic [C:/Users/Florin/Desktop/DSD 1/1. Golden Model/1. Golden Model.srcs/sources_1/new/SRAM.sv:15]
WARNING: [Synth 8-87] always_comb on 'memory_reg[85]' did not result in combinational logic [C:/Users/Florin/Desktop/DSD 1/1. Golden Model/1. Golden Model.srcs/sources_1/new/SRAM.sv:15]
WARNING: [Synth 8-87] always_comb on 'memory_reg[86]' did not result in combinational logic [C:/Users/Florin/Desktop/DSD 1/1. Golden Model/1. Golden Model.srcs/sources_1/new/SRAM.sv:15]
WARNING: [Synth 8-87] always_comb on 'memory_reg[87]' did not result in combinational logic [C:/Users/Florin/Desktop/DSD 1/1. Golden Model/1. Golden Model.srcs/sources_1/new/SRAM.sv:15]
WARNING: [Synth 8-87] always_comb on 'memory_reg[88]' did not result in combinational logic [C:/Users/Florin/Desktop/DSD 1/1. Golden Model/1. Golden Model.srcs/sources_1/new/SRAM.sv:15]
WARNING: [Synth 8-87] always_comb on 'memory_reg[89]' did not result in combinational logic [C:/Users/Florin/Desktop/DSD 1/1. Golden Model/1. Golden Model.srcs/sources_1/new/SRAM.sv:15]
WARNING: [Synth 8-87] always_comb on 'memory_reg[90]' did not result in combinational logic [C:/Users/Florin/Desktop/DSD 1/1. Golden Model/1. Golden Model.srcs/sources_1/new/SRAM.sv:15]
WARNING: [Synth 8-87] always_comb on 'memory_reg[91]' did not result in combinational logic [C:/Users/Florin/Desktop/DSD 1/1. Golden Model/1. Golden Model.srcs/sources_1/new/SRAM.sv:15]
WARNING: [Synth 8-87] always_comb on 'memory_reg[92]' did not result in combinational logic [C:/Users/Florin/Desktop/DSD 1/1. Golden Model/1. Golden Model.srcs/sources_1/new/SRAM.sv:15]
WARNING: [Synth 8-87] always_comb on 'memory_reg[93]' did not result in combinational logic [C:/Users/Florin/Desktop/DSD 1/1. Golden Model/1. Golden Model.srcs/sources_1/new/SRAM.sv:15]
WARNING: [Synth 8-87] always_comb on 'memory_reg[94]' did not result in combinational logic [C:/Users/Florin/Desktop/DSD 1/1. Golden Model/1. Golden Model.srcs/sources_1/new/SRAM.sv:15]
WARNING: [Synth 8-87] always_comb on 'memory_reg[95]' did not result in combinational logic [C:/Users/Florin/Desktop/DSD 1/1. Golden Model/1. Golden Model.srcs/sources_1/new/SRAM.sv:15]
WARNING: [Synth 8-87] always_comb on 'memory_reg[96]' did not result in combinational logic [C:/Users/Florin/Desktop/DSD 1/1. Golden Model/1. Golden Model.srcs/sources_1/new/SRAM.sv:15]
WARNING: [Synth 8-87] always_comb on 'memory_reg[97]' did not result in combinational logic [C:/Users/Florin/Desktop/DSD 1/1. Golden Model/1. Golden Model.srcs/sources_1/new/SRAM.sv:15]
WARNING: [Synth 8-87] always_comb on 'memory_reg[98]' did not result in combinational logic [C:/Users/Florin/Desktop/DSD 1/1. Golden Model/1. Golden Model.srcs/sources_1/new/SRAM.sv:15]
INFO: [Common 17-14] Message 'Synth 8-87' appears 100 times and further instances of the messages will be disabled. Use the Tcl command set_msg_config to change the current settings.
---------------------------------------------------------------------------------
Finished RTL Elaboration : Time (s): cpu = 00:00:14 ; elapsed = 00:00:14 . Memory (MB): peak = 2460.828 ; gain = 597.719
---------------------------------------------------------------------------------
---------------------------------------------------------------------------------
Start Handling Custom Attributes
---------------------------------------------------------------------------------
---------------------------------------------------------------------------------
Finished Handling Custom Attributes : Time (s): cpu = 00:00:14 ; elapsed = 00:00:14 . Memory (MB): peak = 2460.828 ; gain = 597.719
---------------------------------------------------------------------------------
---------------------------------------------------------------------------------
Finished RTL Optimization Phase 1 : Time (s): cpu = 00:00:14 ; elapsed = 00:00:14 . Memory (MB): peak = 2460.828 ; gain = 597.719
---------------------------------------------------------------------------------
Netlist sorting complete. Time (s): cpu = 00:00:00 ; elapsed = 00:00:00.244 . Memory (MB): peak = 2460.828 ; gain = 0.000
INFO: [Project 1-570] Preparing netlist for logic optimization

Processing XDC Constraints
Initializing timing engine
Completed Processing XDC Constraints

Netlist sorting complete. Time (s): cpu = 00:00:00 ; elapsed = 00:00:00.001 . Memory (MB): peak = 2535.867 ; gain = 0.000
INFO: [Project 1-111] Unisim Transformation Summary:
No Unisim elements were transformed.

RTL Elaboration Complete:  : Time (s): cpu = 00:00:33 ; elapsed = 00:00:25 . Memory (MB): peak = 2676.723 ; gain = 813.613
6 Infos, 100 Warnings, 0 Critical Warnings and 0 Errors encountered.
synth_design completed successfully
synth_design: Time (s): cpu = 00:00:37 ; elapsed = 00:00:32 . Memory (MB): peak = 2676.723 ; gain = 1194.820
refresh_design
---------------------------------------------------------------------------------
Starting RTL Elaboration : Time (s): cpu = 00:00:04 ; elapsed = 00:00:04 . Memory (MB): peak = 2732.727 ; gain = 15.727
---------------------------------------------------------------------------------
INFO: [Synth 8-6157] synthesizing module 'SRAM' [C:/Users/Florin/Desktop/DSD 1/1. Golden Model/1. Golden Model.srcs/sources_1/new/SRAM.sv:3]
INFO: [Synth 8-6155] done synthesizing module 'SRAM' (0#1) [C:/Users/Florin/Desktop/DSD 1/1. Golden Model/1. Golden Model.srcs/sources_1/new/SRAM.sv:3]
---------------------------------------------------------------------------------
Finished RTL Elaboration : Time (s): cpu = 00:00:07 ; elapsed = 00:00:08 . Memory (MB): peak = 2947.348 ; gain = 230.348
---------------------------------------------------------------------------------
---------------------------------------------------------------------------------
Start Handling Custom Attributes
---------------------------------------------------------------------------------
---------------------------------------------------------------------------------
Finished Handling Custom Attributes : Time (s): cpu = 00:00:08 ; elapsed = 00:00:08 . Memory (MB): peak = 2947.348 ; gain = 230.348
---------------------------------------------------------------------------------
---------------------------------------------------------------------------------
Finished RTL Optimization Phase 1 : Time (s): cpu = 00:00:08 ; elapsed = 00:00:08 . Memory (MB): peak = 2947.348 ; gain = 230.348
---------------------------------------------------------------------------------
Netlist sorting complete. Time (s): cpu = 00:00:00 ; elapsed = 00:00:00.219 . Memory (MB): peak = 2947.348 ; gain = 0.000
INFO: [Project 1-570] Preparing netlist for logic optimization

Processing XDC Constraints
Initializing timing engine
Completed Processing XDC Constraints

refresh_design: Time (s): cpu = 00:00:17 ; elapsed = 00:00:15 . Memory (MB): peak = 2947.348 ; gain = 230.348
close_design
set_property top seq_core [current_fileset]
update_compile_order -fileset sources_1
launch_simulation
Command: launch_simulation 
INFO: [Vivado 12-12493] Simulation top is 'Golden_Model_TB'
WARNING: [Vivado 12-13340] Unable to auto find GCC executables from simulator install path! (path not set)
INFO: [Vivado 12-5682] Launching behavioral simulation in 'C:/Users/Florin/Desktop/DSD 1/1. Golden Model/1. Golden Model.sim/sim_1/behav/xsim'
INFO: [SIM-utils-51] Simulation object is 'sim_1'
INFO: [SIM-utils-72] Using boost library from 'D:/Vivado/2023.1/tps/boost_1_72_0'
INFO: [SIM-utils-54] Inspecting design source files for 'Golden_Model_TB' in fileset 'sim_1'...
INFO: [USF-XSim-97] Finding global include files...
INFO: [USF-XSim-98] Fetching design files from 'sim_1'...
INFO: [USF-XSim-2] XSim::Compile design
INFO: [USF-XSim-61] Executing 'COMPILE and ANALYZE' step in 'C:/Users/Florin/Desktop/DSD 1/1. Golden Model/1. Golden Model.sim/sim_1/behav/xsim'
"xvlog --incr --relax -L uvm -prj Golden_Model_TB_vlog.prj"
ECHO is off.
ECHO is off.
INFO: [VRFC 10-2263] Analyzing SystemVerilog file "C:/Users/Florin/Desktop/DSD 1/1. Golden Model/1. Golden Model.srcs/sources_1/new/SRAM.sv" into library xil_defaultlib
INFO: [VRFC 10-311] analyzing module SRAM
INFO: [VRFC 10-2263] Analyzing SystemVerilog file "C:/Users/Florin/Desktop/DSD 1/1. Golden Model/1. Golden Model.srcs/sources_1/new/seq_core.sv" into library xil_defaultlib
INFO: [VRFC 10-311] analyzing module seq_core
INFO: [VRFC 10-2263] Analyzing SystemVerilog file "C:/Users/Florin/Desktop/DSD 1/1. Golden Model/1. Golden Model.srcs/sim_1/new/Golden_Model_TB.sv" into library xil_defaultlib
INFO: [VRFC 10-311] analyzing module Golden_Model_TB
INFO: [USF-XSim-69] 'compile' step finished in '1' seconds
INFO: [USF-XSim-3] XSim::Elaborate design
INFO: [USF-XSim-61] Executing 'ELABORATE' step in 'C:/Users/Florin/Desktop/DSD 1/1. Golden Model/1. Golden Model.sim/sim_1/behav/xsim'
"xelab --incr --debug typical --relax --mt 2 -L xil_defaultlib -L uvm -L unisims_ver -L unimacro_ver -L secureip --snapshot Golden_Model_TB_behav xil_defaultlib.Golden_Model_TB xil_defaultlib.glbl -log elaborate.log"
ECHO is off.
ECHO is off.
Vivado Simulator v2023.1.1
Copyright 1986-2022 Xilinx, Inc. All Rights Reserved.
Copyright 2022-2023 Advanced Micro Devices, Inc. All Rights Reserved.
Running: D:/Vivado/2023.1/bin/unwrapped/win64.o/xelab.exe --incr --debug typical --relax --mt 2 -L xil_defaultlib -L uvm -L unisims_ver -L unimacro_ver -L secureip --snapshot Golden_Model_TB_behav xil_defaultlib.Golden_Model_TB xil_defaultlib.glbl -log elaborate.log 
Using 2 slave threads.
Starting static elaboration
Pass Through NonSizing Optimizer
Completed static elaboration
Starting simulation data flow analysis
WARNING: [XSIM 43-4100] "C:/Users/Florin/Desktop/DSD 1/1. Golden Model/1. Golden Model.sim/sim_1/behav/xsim/glbl.v" Line 6. Module glbl has a timescale but at least one module in design doesn't have timescale.
WARNING: [XSIM 43-4100] "C:/Users/Florin/Desktop/DSD 1/1. Golden Model/1. Golden Model.sim/sim_1/behav/xsim/glbl.v" Line 6. Module glbl has a timescale but at least one module in design doesn't have timescale.
Completed simulation data flow analysis
Time Resolution for simulation is 1ps
Compiling module xil_defaultlib.seq_core
Compiling module xil_defaultlib.SRAM
Compiling module xil_defaultlib.Golden_Model_TB
Compiling module xil_defaultlib.glbl
Built simulation snapshot Golden_Model_TB_behav
INFO: [USF-XSim-69] 'elaborate' step finished in '3' seconds
INFO: [USF-XSim-4] XSim::Simulate design
INFO: [USF-XSim-61] Executing 'SIMULATE' step in 'C:/Users/Florin/Desktop/DSD 1/1. Golden Model/1. Golden Model.sim/sim_1/behav/xsim'
INFO: [USF-XSim-98] *** Running xsim
   with args "Golden_Model_TB_behav -key {Behavioral:sim_1:Functional:Golden_Model_TB} -tclbatch {Golden_Model_TB.tcl} -log {simulate.log}"
INFO: [USF-XSim-8] Loading simulator feature
Time resolution is 1 ps
source Golden_Model_TB.tcl
# set curr_wave [current_wave_config]
# if { [string length $curr_wave] == 0 } {
#   if { [llength [get_objects]] > 0} {
#     add_wave /
#     set_property needs_save false [current_wave_config]
#   } else {
#      send_msg_id Add_Wave-1 WARNING "No top level signals found. Simulator will start without a wave window. If you want to open a wave window go to 'File->New Waveform Configuration' or type 'create_wave_config' in the TCL console."
#   }
# }
# run 1000ns
$finish called at time : 107 ns : File "C:/Users/Florin/Desktop/DSD 1/1. Golden Model/1. Golden Model.srcs/sim_1/new/Golden_Model_TB.sv" Line 163
INFO: [USF-XSim-96] XSim completed. Design snapshot 'Golden_Model_TB_behav' loaded.
INFO: [USF-XSim-97] XSim simulation ran for 1000ns
launch_simulation: Time (s): cpu = 00:00:03 ; elapsed = 00:00:08 . Memory (MB): peak = 2970.047 ; gain = 0.000
current_wave_config {Untitled 1}
Untitled 1
add_wave {{/Golden_Model_TB/seq_core_DUT/pc}} {{/Golden_Model_TB/seq_core_DUT/instruction}} {{/Golden_Model_TB/seq_core_DUT/read}} {{/Golden_Model_TB/seq_core_DUT/write}} {{/Golden_Model_TB/seq_core_DUT/address}} {{/Golden_Model_TB/seq_core_DUT/data_in}} {{/Golden_Model_TB/seq_core_DUT/data_out}} {{/Golden_Model_TB/seq_core_DUT/R}} 
current_wave_config {Untitled 1}
Untitled 1
add_wave {{/Golden_Model_TB/SRAM_DUT/read}} {{/Golden_Model_TB/SRAM_DUT/write}} {{/Golden_Model_TB/SRAM_DUT/address}} {{/Golden_Model_TB/SRAM_DUT/data_in}} {{/Golden_Model_TB/SRAM_DUT/data_out}} {{/Golden_Model_TB/SRAM_DUT/memory}} 
restart
INFO: [Wavedata 42-604] Simulation restarted
run all
$finish called at time : 107 ns : File "C:/Users/Florin/Desktop/DSD 1/1. Golden Model/1. Golden Model.srcs/sim_1/new/Golden_Model_TB.sv" Line 163
save_wave_config {C:/Users/Florin/Desktop/DSD 1/1. Golden Model/Golden_Model_TB_behav.wcfg}
close_sim
INFO: [Simtcl 6-16] Simulation closed
exit
INFO: [Common 17-206] Exiting Vivado at Sat Apr 13 16:26:43 2024...
